<?xml version="1.0" encoding="UTF-8"?>
<!-- Generated by org.testng.reporters.JUnitReportReporter -->
<testsuite skipped="1" hostname="DESKTOP-VGA5PH3" name="recruitment.Vacancies" tests="1" failures="0" timestamp="2020-05-11T19:16:37 IST" time="0.000" errors="0">
  <testcase name="vacancies" time="0.000" classname="recruitment.Vacancies">
    <skipped/>
  </testcase> <!-- vacancies -->
</testsuite> <!-- recruitment.Vacancies -->
