<?xml version="1.0" encoding="UTF-8"?>
<!-- Generated by org.testng.reporters.JUnitReportReporter -->
<testsuite skipped="1" hostname="DESKTOP-VGA5PH3" name="performance.KPI" tests="1" failures="0" timestamp="2020-05-11T19:16:37 IST" time="0.000" errors="0">
  <testcase name="kpi" time="0.000" classname="performance.KPI">
    <skipped/>
  </testcase> <!-- kpi -->
</testsuite> <!-- performance.KPI -->
