<?xml version="1.0" encoding="UTF-8"?>
<!-- Generated by org.testng.reporters.JUnitReportReporter -->
<testsuite skipped="1" hostname="DESKTOP-VGA5PH3" name="pimmodule.Configuration" tests="1" failures="0" timestamp="2020-05-11T19:16:37 IST" time="0.000" errors="0">
  <testcase name="configMod" time="0.000" classname="pimmodule.Configuration">
    <skipped/>
  </testcase> <!-- configMod -->
</testsuite> <!-- pimmodule.Configuration -->
